Started GET "/" for 127.0.0.1 at 2018-02-16 21:45:04 -0800
Processing by Rails::WelcomeController#index as HTML
  Rendering /Users/Aryannaimi/.rbenv/versions/2.5.0/lib/ruby/gems/2.5.0/gems/railties-5.1.5/lib/rails/templates/rails/welcome/index.html.erb
  Rendered /Users/Aryannaimi/.rbenv/versions/2.5.0/lib/ruby/gems/2.5.0/gems/railties-5.1.5/lib/rails/templates/rails/welcome/index.html.erb (3.1ms)
Completed 200 OK in 154ms (Views: 13.0ms)


Started GET "/" for 127.0.0.1 at 2018-02-16 21:46:03 -0800
Processing by Rails::WelcomeController#index as HTML
  Rendering /Users/Aryannaimi/.rbenv/versions/2.5.0/lib/ruby/gems/2.5.0/gems/railties-5.1.5/lib/rails/templates/rails/welcome/index.html.erb
  Rendered /Users/Aryannaimi/.rbenv/versions/2.5.0/lib/ruby/gems/2.5.0/gems/railties-5.1.5/lib/rails/templates/rails/welcome/index.html.erb (3.1ms)
Completed 200 OK in 182ms (Views: 11.7ms)


Started GET "/pages/about" for 127.0.0.1 at 2018-02-16 21:49:44 -0800
Processing by PagesController#about as HTML
  Rendering pages/about.html.erb within layouts/application
  Rendered pages/about.html.erb within layouts/application (1.2ms)
Completed 200 OK in 829ms (Views: 625.7ms)


Started GET "/pages/contact" for 127.0.0.1 at 2018-02-16 21:49:52 -0800
Processing by PagesController#contact as HTML
  Rendering pages/contact.html.erb within layouts/application
  Rendered pages/contact.html.erb within layouts/application (0.4ms)
Completed 200 OK in 24ms (Views: 20.9ms)


Started GET "/" for 127.0.0.1 at 2018-02-16 21:52:01 -0800
Processing by Rails::WelcomeController#index as HTML
  Rendering /Users/Aryannaimi/.rbenv/versions/2.5.0/lib/ruby/gems/2.5.0/gems/railties-5.1.5/lib/rails/templates/rails/welcome/index.html.erb
  Rendered /Users/Aryannaimi/.rbenv/versions/2.5.0/lib/ruby/gems/2.5.0/gems/railties-5.1.5/lib/rails/templates/rails/welcome/index.html.erb (4.3ms)
Completed 200 OK in 173ms (Views: 10.2ms)


Started GET "/pages/contact" for 127.0.0.1 at 2018-02-16 21:52:07 -0800
Processing by PagesController#contact as HTML
  Rendering pages/contact.html.erb within layouts/application
  Rendered pages/contact.html.erb within layouts/application (0.4ms)
Completed 200 OK in 232ms (Views: 229.2ms)


Started GET "/pages/about" for 127.0.0.1 at 2018-02-16 21:52:12 -0800
Processing by PagesController#about as HTML
  Rendering pages/about.html.erb within layouts/application
  Rendered pages/about.html.erb within layouts/application (0.4ms)
Completed 200 OK in 28ms (Views: 24.9ms)


Started GET "/" for 127.0.0.1 at 2018-02-18 18:47:26 -0800
Processing by Rails::WelcomeController#index as HTML
  Rendering /Users/Aryannaimi/.rbenv/versions/2.5.0/lib/ruby/gems/2.5.0/gems/railties-5.1.5/lib/rails/templates/rails/welcome/index.html.erb
  Rendered /Users/Aryannaimi/.rbenv/versions/2.5.0/lib/ruby/gems/2.5.0/gems/railties-5.1.5/lib/rails/templates/rails/welcome/index.html.erb (4.6ms)
Completed 200 OK in 223ms (Views: 11.4ms)


Started GET "/pages/about" for 127.0.0.1 at 2018-02-18 18:47:32 -0800
Processing by PagesController#about as HTML
  Rendering pages/about.html.erb within layouts/application
  Rendered pages/about.html.erb within layouts/application (0.5ms)
Completed 200 OK in 223ms (Views: 219.5ms)


Started GET "/pages/contact" for 127.0.0.1 at 2018-02-18 18:47:38 -0800
Processing by PagesController#contact as HTML
  Rendering pages/contact.html.erb within layouts/application
  Rendered pages/contact.html.erb within layouts/application (0.5ms)
Completed 200 OK in 32ms (Views: 29.1ms)


Started GET "/pages/about" for 127.0.0.1 at 2018-02-18 18:54:16 -0800
Processing by PagesController#about as HTML
  Rendering pages/about.html.erb within layouts/application
  Rendered pages/about.html.erb within layouts/application (0.9ms)
Completed 200 OK in 340ms (Views: 204.5ms)


Started GET "/pages/about" for 127.0.0.1 at 2018-02-18 18:54:36 -0800
Processing by PagesController#about as HTML
  Rendering pages/about.html.erb within layouts/application
  Rendered pages/about.html.erb within layouts/application (0.6ms)
Completed 200 OK in 34ms (Views: 28.9ms)


Started GET "/pages/about" for 127.0.0.1 at 2018-02-18 18:54:37 -0800
Processing by PagesController#about as HTML
  Rendering pages/about.html.erb within layouts/application
  Rendered pages/about.html.erb within layouts/application (0.8ms)
Completed 200 OK in 35ms (Views: 31.3ms)


Started GET "/pages/contact" for 127.0.0.1 at 2018-02-18 18:54:42 -0800
Processing by PagesController#contact as HTML
  Rendering pages/contact.html.erb within layouts/application
  Rendered pages/contact.html.erb within layouts/application (0.3ms)
Completed 200 OK in 21ms (Views: 18.0ms)


Started GET "/pages/contact" for 127.0.0.1 at 2018-02-18 19:06:55 -0800
Processing by PagesController#contact as HTML
  Rendering pages/contact.html.erb within layouts/application
  Rendered pages/contact.html.erb within layouts/application (1.0ms)
Completed 200 OK in 365ms (Views: 202.4ms)


Started GET "/pages/contact" for 127.0.0.1 at 2018-02-18 19:11:44 -0800
Processing by PagesController#contact as HTML
  Rendering pages/contact.html.erb within layouts/application
  Rendered pages/contact.html.erb within layouts/application (0.9ms)
Completed 200 OK in 384ms (Views: 231.8ms)


Started GET "/pages/contact" for 127.0.0.1 at 2018-02-18 19:11:47 -0800
Processing by PagesController#contact as HTML
  Rendering pages/contact.html.erb within layouts/application
  Rendered pages/contact.html.erb within layouts/application (1.9ms)
Completed 200 OK in 26ms (Views: 21.2ms)


Started GET "/pages/about" for 127.0.0.1 at 2018-02-18 19:11:48 -0800
Processing by PagesController#about as HTML
  Rendering pages/about.html.erb within layouts/application
  Rendered pages/about.html.erb within layouts/application (0.5ms)
Completed 200 OK in 38ms (Views: 35.1ms)


Started GET "/pages/about" for 127.0.0.1 at 2018-02-18 19:11:48 -0800
Processing by PagesController#about as HTML
  Rendering pages/about.html.erb within layouts/application
  Rendered pages/about.html.erb within layouts/application (0.5ms)
Completed 200 OK in 41ms (Views: 37.7ms)


Started GET "/pages/about" for 127.0.0.1 at 2018-02-18 19:11:52 -0800
Processing by PagesController#about as HTML
  Rendering pages/about.html.erb within layouts/application
  Rendered pages/about.html.erb within layouts/application (0.3ms)
Completed 200 OK in 19ms (Views: 16.9ms)


Started GET "/pages/about" for 127.0.0.1 at 2018-02-18 19:11:56 -0800
Processing by PagesController#about as HTML
  Rendering pages/about.html.erb within layouts/application
  Rendered pages/about.html.erb within layouts/application (0.3ms)
Completed 200 OK in 19ms (Views: 16.6ms)


Started GET "/pages/contact" for 127.0.0.1 at 2018-02-18 19:12:04 -0800
Processing by PagesController#contact as HTML
  Rendering pages/contact.html.erb within layouts/application
  Rendered pages/contact.html.erb within layouts/application (0.4ms)
Completed 200 OK in 25ms (Views: 22.5ms)


Started GET "/pages/contact" for 127.0.0.1 at 2018-02-18 19:14:11 -0800
Processing by PagesController#contact as HTML
  Rendering pages/contact.html.erb within layouts/application
  Rendered pages/contact.html.erb within layouts/application (1.1ms)
Completed 200 OK in 362ms (Views: 199.3ms)


Started GET "/pages/about" for 127.0.0.1 at 2018-02-18 19:14:17 -0800
Processing by PagesController#about as HTML
  Rendering pages/about.html.erb within layouts/application
  Rendered pages/about.html.erb within layouts/application (0.4ms)
Completed 200 OK in 22ms (Views: 19.9ms)


Started GET "/pages/about" for 127.0.0.1 at 2018-02-18 19:14:18 -0800
Processing by PagesController#about as HTML
  Rendering pages/about.html.erb within layouts/application
  Rendered pages/about.html.erb within layouts/application (0.4ms)
Completed 200 OK in 24ms (Views: 21.2ms)


Started GET "/pages/about" for 127.0.0.1 at 2018-02-18 19:14:19 -0800
Processing by PagesController#about as HTML
  Rendering pages/about.html.erb within layouts/application
  Rendered pages/about.html.erb within layouts/application (0.5ms)
Completed 200 OK in 21ms (Views: 18.0ms)


Started GET "/pages/about" for 127.0.0.1 at 2018-02-18 19:14:19 -0800
Processing by PagesController#about as HTML
  Rendering pages/about.html.erb within layouts/application
  Rendered pages/about.html.erb within layouts/application (0.3ms)
Completed 200 OK in 23ms (Views: 20.6ms)


Started GET "/pages/about" for 127.0.0.1 at 2018-02-18 19:14:19 -0800
Processing by PagesController#about as HTML
  Rendering pages/about.html.erb within layouts/application
  Rendered pages/about.html.erb within layouts/application (0.4ms)
Completed 200 OK in 27ms (Views: 24.2ms)


Started GET "/pages/about" for 127.0.0.1 at 2018-02-18 19:14:20 -0800
Processing by PagesController#about as HTML
  Rendering pages/about.html.erb within layouts/application
  Rendered pages/about.html.erb within layouts/application (0.3ms)
Completed 200 OK in 41ms (Views: 37.0ms)


Started GET "/pages/about" for 127.0.0.1 at 2018-02-18 19:14:20 -0800
Processing by PagesController#about as HTML
  Rendering pages/about.html.erb within layouts/application
  Rendered pages/about.html.erb within layouts/application (0.3ms)
Completed 200 OK in 24ms (Views: 20.1ms)


Started GET "/pages/about" for 127.0.0.1 at 2018-02-18 19:14:20 -0800
Processing by PagesController#about as HTML
  Rendering pages/about.html.erb within layouts/application
  Rendered pages/about.html.erb within layouts/application (0.3ms)
Completed 200 OK in 24ms (Views: 19.8ms)


Started GET "/pages/about" for 127.0.0.1 at 2018-02-18 19:15:51 -0800
Processing by PagesController#about as HTML
  Rendering pages/about.html.erb within layouts/application
  Rendered pages/about.html.erb within layouts/application (0.3ms)
Completed 200 OK in 22ms (Views: 19.2ms)


Started GET "/pages/about" for 127.0.0.1 at 2018-02-18 19:15:52 -0800
Processing by PagesController#about as HTML
  Rendering pages/about.html.erb within layouts/application
  Rendered pages/about.html.erb within layouts/application (0.2ms)
Completed 200 OK in 21ms (Views: 19.1ms)


Started GET "/pages/about" for 127.0.0.1 at 2018-02-18 19:17:25 -0800
Processing by PagesController#about as HTML
  Rendering pages/about.html.erb within layouts/application
  Rendered pages/about.html.erb within layouts/application (0.3ms)
Completed 200 OK in 24ms (Views: 21.8ms)


Started GET "/pages/contact" for 127.0.0.1 at 2018-02-18 19:17:39 -0800
Processing by PagesController#contact as HTML
  Rendering pages/contact.html.erb within layouts/application
  Rendered pages/contact.html.erb within layouts/application (0.3ms)
Completed 200 OK in 28ms (Views: 26.3ms)


Started GET "/pages/about" for 127.0.0.1 at 2018-02-18 19:20:34 -0800
Processing by PagesController#about as HTML
  Rendering pages/about.html.erb within layouts/application
  Rendered pages/about.html.erb within layouts/application (0.9ms)
Completed 200 OK in 344ms (Views: 203.3ms)


Started GET "/pages/about" for 127.0.0.1 at 2018-02-18 19:21:24 -0800
Processing by PagesController#about as HTML
  Rendering pages/about.html.erb within layouts/application
  Rendered pages/about.html.erb within layouts/application (0.3ms)
Completed 200 OK in 20ms (Views: 17.1ms)


Started GET "/pages/about" for 127.0.0.1 at 2018-02-18 19:21:43 -0800
Processing by PagesController#about as HTML
  Rendering pages/about.html.erb within layouts/application
  Rendered pages/about.html.erb within layouts/application (0.3ms)
Completed 200 OK in 20ms (Views: 17.5ms)


Started GET "/pages/about" for 127.0.0.1 at 2018-02-18 19:22:53 -0800
Processing by PagesController#about as HTML
  Rendering pages/about.html.erb within layouts/application
  Rendered pages/about.html.erb within layouts/application (0.3ms)
Completed 200 OK in 18ms (Views: 15.8ms)


Started GET "/pages/about" for 127.0.0.1 at 2018-02-18 19:22:54 -0800
Processing by PagesController#about as HTML
  Rendering pages/about.html.erb within layouts/application
  Rendered pages/about.html.erb within layouts/application (0.3ms)
Completed 200 OK in 18ms (Views: 15.8ms)


Started GET "/pages/about" for 127.0.0.1 at 2018-02-18 19:23:15 -0800
Processing by PagesController#about as HTML
  Rendering pages/about.html.erb within layouts/application
  Rendered pages/about.html.erb within layouts/application (0.8ms)
Completed 200 OK in 353ms (Views: 195.8ms)


Started GET "/pages/about" for 127.0.0.1 at 2018-02-18 19:23:37 -0800
Processing by PagesController#about as HTML
  Rendering pages/about.html.erb within layouts/application
  Rendered pages/about.html.erb within layouts/application (0.3ms)
Completed 200 OK in 20ms (Views: 17.4ms)


Started GET "/pages/about" for 127.0.0.1 at 2018-02-18 19:23:57 -0800
Processing by PagesController#about as HTML
  Rendering pages/about.html.erb within layouts/application
  Rendered pages/about.html.erb within layouts/application (0.3ms)
Completed 200 OK in 18ms (Views: 15.4ms)


Started GET "/pages/about" for 127.0.0.1 at 2018-02-18 19:24:09 -0800
Processing by PagesController#about as HTML
  Rendering pages/about.html.erb within layouts/application
  Rendered pages/about.html.erb within layouts/application (0.4ms)
Completed 200 OK in 21ms (Views: 19.2ms)


Started GET "/pages/about" for 127.0.0.1 at 2018-02-18 19:24:14 -0800
Processing by PagesController#about as HTML
  Rendering pages/about.html.erb within layouts/application
  Rendered pages/about.html.erb within layouts/application (0.3ms)
Completed 200 OK in 19ms (Views: 16.8ms)


Started GET "/pages/about" for 127.0.0.1 at 2018-02-18 19:25:18 -0800
Processing by PagesController#about as HTML
  Rendering pages/about.html.erb within layouts/application
  Rendered pages/about.html.erb within layouts/application (1.1ms)
Completed 200 OK in 334ms (Views: 185.5ms)


Started GET "/pages/about" for 127.0.0.1 at 2018-02-18 19:25:19 -0800
Processing by PagesController#about as HTML
  Rendering pages/about.html.erb within layouts/application
  Rendered pages/about.html.erb within layouts/application (0.6ms)
Completed 200 OK in 43ms (Views: 39.0ms)


Started GET "/pages/contact" for 127.0.0.1 at 2018-02-18 19:25:20 -0800
Processing by PagesController#contact as HTML
  Rendering pages/contact.html.erb within layouts/application
  Rendered pages/contact.html.erb within layouts/application (1.0ms)
Completed 200 OK in 48ms (Views: 45.2ms)


Started GET "/pages/contact" for 127.0.0.1 at 2018-02-18 19:25:43 -0800
Processing by PagesController#contact as HTML
  Rendering pages/contact.html.erb within layouts/application
  Rendered pages/contact.html.erb within layouts/application (0.3ms)
Completed 200 OK in 19ms (Views: 16.5ms)


Started GET "/pages/contact" for 127.0.0.1 at 2018-02-18 19:26:02 -0800
Processing by PagesController#contact as HTML
  Rendering pages/contact.html.erb within layouts/application
  Rendered pages/contact.html.erb within layouts/application (0.5ms)
Completed 200 OK in 21ms (Views: 18.2ms)


Started GET "/pages/about" for 127.0.0.1 at 2018-02-18 19:26:04 -0800
Processing by PagesController#about as HTML
  Rendering pages/about.html.erb within layouts/application
  Rendered pages/about.html.erb within layouts/application (0.4ms)
Completed 200 OK in 33ms (Views: 30.6ms)


Started GET "/pages/contact" for 127.0.0.1 at 2018-02-18 19:26:05 -0800
Processing by PagesController#contact as HTML
  Rendering pages/contact.html.erb within layouts/application
  Rendered pages/contact.html.erb within layouts/application (0.6ms)
Completed 200 OK in 54ms (Views: 50.7ms)


Started GET "/pages/contact" for 127.0.0.1 at 2018-02-18 19:26:06 -0800
Processing by PagesController#contact as HTML
  Rendering pages/contact.html.erb within layouts/application
  Rendered pages/contact.html.erb within layouts/application (0.6ms)
Completed 200 OK in 33ms (Views: 28.9ms)


Started GET "/pages/about" for 127.0.0.1 at 2018-02-18 19:26:07 -0800
Processing by PagesController#about as HTML
  Rendering pages/about.html.erb within layouts/application
  Rendered pages/about.html.erb within layouts/application (0.3ms)
Completed 200 OK in 39ms (Views: 35.5ms)


Started GET "/pages/contact" for 127.0.0.1 at 2018-02-18 19:26:08 -0800
Processing by PagesController#contact as HTML
  Rendering pages/contact.html.erb within layouts/application
  Rendered pages/contact.html.erb within layouts/application (0.4ms)
Completed 200 OK in 37ms (Views: 33.2ms)


Started GET "/pages/contact" for 127.0.0.1 at 2018-02-18 19:26:09 -0800
Processing by PagesController#contact as HTML
  Rendering pages/contact.html.erb within layouts/application
  Rendered pages/contact.html.erb within layouts/application (0.4ms)
Completed 200 OK in 50ms (Views: 46.2ms)


Started GET "/pages/about" for 127.0.0.1 at 2018-02-18 19:26:10 -0800
Processing by PagesController#about as HTML
  Rendering pages/about.html.erb within layouts/application
  Rendered pages/about.html.erb within layouts/application (0.5ms)
Completed 200 OK in 42ms (Views: 38.3ms)


Started GET "/pages/about" for 127.0.0.1 at 2018-02-18 19:26:10 -0800
Processing by PagesController#about as HTML
  Rendering pages/about.html.erb within layouts/application
  Rendered pages/about.html.erb within layouts/application (1.0ms)
Completed 200 OK in 41ms (Views: 38.5ms)


Started GET "/pages/about" for 127.0.0.1 at 2018-02-18 19:26:11 -0800
Processing by PagesController#about as HTML
  Rendering pages/about.html.erb within layouts/application
  Rendered pages/about.html.erb within layouts/application (1.1ms)
Completed 200 OK in 43ms (Views: 39.7ms)


Started GET "/pages/contact" for 127.0.0.1 at 2018-02-18 19:26:12 -0800
Processing by PagesController#contact as HTML
  Rendering pages/contact.html.erb within layouts/application
  Rendered pages/contact.html.erb within layouts/application (0.4ms)
Completed 200 OK in 41ms (Views: 35.0ms)


Started GET "/pages/about" for 127.0.0.1 at 2018-02-18 19:26:12 -0800
Processing by PagesController#about as HTML
  Rendering pages/about.html.erb within layouts/application
  Rendered pages/about.html.erb within layouts/application (0.8ms)
Completed 200 OK in 43ms (Views: 40.4ms)


Started GET "/pages/contact" for 127.0.0.1 at 2018-02-18 19:26:13 -0800
Processing by PagesController#contact as HTML
  Rendering pages/contact.html.erb within layouts/application
  Rendered pages/contact.html.erb within layouts/application (0.6ms)
Completed 200 OK in 52ms (Views: 48.5ms)


Started GET "/pages/about" for 127.0.0.1 at 2018-02-18 19:26:14 -0800
Processing by PagesController#about as HTML
  Rendering pages/about.html.erb within layouts/application
  Rendered pages/about.html.erb within layouts/application (0.4ms)
Completed 200 OK in 47ms (Views: 43.2ms)


Started GET "/pages/contact" for 127.0.0.1 at 2018-02-18 19:26:15 -0800
Processing by PagesController#contact as HTML
  Rendering pages/contact.html.erb within layouts/application
  Rendered pages/contact.html.erb within layouts/application (0.3ms)
Completed 200 OK in 37ms (Views: 33.0ms)


Started GET "/pages/contact" for 127.0.0.1 at 2018-02-18 19:38:16 -0800
Processing by PagesController#contact as HTML
  Rendering pages/contact.html.erb within layouts/application
  Rendered pages/contact.html.erb within layouts/application (1.0ms)
Completed 200 OK in 447ms (Views: 263.8ms)


Started GET "/pages/about" for 127.0.0.1 at 2018-02-18 19:38:21 -0800
Processing by PagesController#about as HTML
  Rendering pages/about.html.erb within layouts/application
  Rendered pages/about.html.erb within layouts/application (3.5ms)
Completed 200 OK in 35ms (Views: 32.1ms)


Started GET "/pages/about" for 127.0.0.1 at 2018-02-18 19:38:37 -0800
Processing by PagesController#about as HTML
  Rendering pages/about.html.erb within layouts/application
  Rendered pages/about.html.erb within layouts/application (2.9ms)
Completed 200 OK in 35ms (Views: 31.4ms)


Started GET "/pages/about" for 127.0.0.1 at 2018-02-18 19:42:15 -0800
Processing by PagesController#about as HTML
  Rendering pages/about.html.erb within layouts/application
  Rendered pages/about.html.erb within layouts/application (1.3ms)
Completed 200 OK in 19ms (Views: 16.9ms)


Started GET "/pages/about" for 127.0.0.1 at 2018-02-18 19:43:03 -0800
Processing by PagesController#about as HTML
  Rendering pages/about.html.erb within layouts/application
  Rendered pages/about.html.erb within layouts/application (1.2ms)
Completed 200 OK in 23ms (Views: 20.3ms)


Started GET "/pages/about" for 127.0.0.1 at 2018-02-18 19:43:14 -0800
Processing by PagesController#about as HTML
  Rendering pages/about.html.erb within layouts/application
  Rendered pages/about.html.erb within layouts/application (2.0ms)
Completed 200 OK in 39ms (Views: 36.7ms)


Started GET "/pages/about" for 127.0.0.1 at 2018-02-18 19:43:21 -0800
Processing by PagesController#about as HTML
  Rendering pages/about.html.erb within layouts/application
  Rendered pages/about.html.erb within layouts/application (1.3ms)
Completed 200 OK in 23ms (Views: 20.6ms)


Started GET "/pages/about" for 127.0.0.1 at 2018-02-18 19:43:23 -0800
Processing by PagesController#about as HTML
  Rendering pages/about.html.erb within layouts/application
  Rendered pages/about.html.erb within layouts/application (1.6ms)
Completed 200 OK in 22ms (Views: 19.9ms)


Started GET "/pages/about" for 127.0.0.1 at 2018-02-18 19:43:34 -0800
Processing by PagesController#about as HTML
  Rendering pages/about.html.erb within layouts/application
  Rendered pages/about.html.erb within layouts/application (1.3ms)
Completed 200 OK in 21ms (Views: 19.2ms)


Started GET "/pages/about" for 127.0.0.1 at 2018-02-18 19:43:48 -0800
Processing by PagesController#about as HTML
  Rendering pages/about.html.erb within layouts/application
  Rendered pages/about.html.erb within layouts/application (1.8ms)
Completed 200 OK in 27ms (Views: 25.3ms)


Started GET "/pages/about" for 127.0.0.1 at 2018-02-18 19:43:57 -0800
Processing by PagesController#about as HTML
  Rendering pages/about.html.erb within layouts/application
  Rendered pages/about.html.erb within layouts/application (1.9ms)
Completed 200 OK in 31ms (Views: 29.0ms)


Started GET "/pages/about" for 127.0.0.1 at 2018-02-18 19:44:32 -0800
Processing by PagesController#about as HTML
  Rendering pages/about.html.erb within layouts/application
  Rendered pages/about.html.erb within layouts/application (2.0ms)
Completed 200 OK in 32ms (Views: 29.1ms)


Started GET "/pages/about" for 127.0.0.1 at 2018-02-18 19:44:41 -0800
Processing by PagesController#about as HTML
  Rendering pages/about.html.erb within layouts/application
  Rendered pages/about.html.erb within layouts/application (1.9ms)
Completed 200 OK in 28ms (Views: 25.8ms)


Started GET "/pages/about" for 127.0.0.1 at 2018-02-18 19:44:53 -0800
Processing by PagesController#about as HTML
  Rendering pages/about.html.erb within layouts/application
  Rendered pages/about.html.erb within layouts/application (1.6ms)
Completed 200 OK in 27ms (Views: 24.8ms)


Started GET "/pages/about" for 127.0.0.1 at 2018-02-18 19:45:03 -0800
Processing by PagesController#about as HTML
  Rendering pages/about.html.erb within layouts/application
  Rendered pages/about.html.erb within layouts/application (1.7ms)
Completed 200 OK in 33ms (Views: 30.4ms)


Started GET "/pages/about" for 127.0.0.1 at 2018-02-18 19:45:13 -0800
Processing by PagesController#about as HTML
  Rendering pages/about.html.erb within layouts/application
  Rendered pages/about.html.erb within layouts/application (1.4ms)
Completed 200 OK in 25ms (Views: 21.9ms)


Started GET "/pages/about" for 127.0.0.1 at 2018-02-18 19:45:19 -0800
Processing by PagesController#about as HTML
  Rendering pages/about.html.erb within layouts/application
  Rendered pages/about.html.erb within layouts/application (2.6ms)
Completed 200 OK in 22ms (Views: 20.1ms)


Started GET "/pages/about" for 127.0.0.1 at 2018-02-18 19:45:33 -0800
Processing by PagesController#about as HTML
  Rendering pages/about.html.erb within layouts/application
  Rendered pages/about.html.erb within layouts/application (1.5ms)
Completed 200 OK in 20ms (Views: 17.5ms)


Started GET "/pages/about" for 127.0.0.1 at 2018-02-18 19:45:47 -0800
Processing by PagesController#about as HTML
  Rendering pages/about.html.erb within layouts/application
  Rendered pages/about.html.erb within layouts/application (1.8ms)
Completed 200 OK in 21ms (Views: 19.0ms)


Started GET "/pages/about" for 127.0.0.1 at 2018-02-18 19:45:55 -0800
Processing by PagesController#about as HTML
  Rendering pages/about.html.erb within layouts/application
  Rendered pages/about.html.erb within layouts/application (1.8ms)
Completed 200 OK in 26ms (Views: 22.0ms)


Started GET "/pages/about" for 127.0.0.1 at 2018-02-18 19:46:05 -0800
Processing by PagesController#about as HTML
  Rendering pages/about.html.erb within layouts/application
  Rendered pages/about.html.erb within layouts/application (1.3ms)
Completed 200 OK in 22ms (Views: 19.3ms)


Started GET "/pages/about" for 127.0.0.1 at 2018-02-18 19:46:13 -0800
Processing by PagesController#about as HTML
  Rendering pages/about.html.erb within layouts/application
  Rendered pages/about.html.erb within layouts/application (1.6ms)
Completed 200 OK in 20ms (Views: 18.1ms)


Started GET "/pages/about" for 127.0.0.1 at 2018-02-18 19:46:18 -0800
Processing by PagesController#about as HTML
  Rendering pages/about.html.erb within layouts/application
  Rendered pages/about.html.erb within layouts/application (1.5ms)
Completed 200 OK in 21ms (Views: 18.6ms)


Started GET "/pages/about" for 127.0.0.1 at 2018-02-18 19:46:29 -0800
Processing by PagesController#about as HTML
  Rendering pages/about.html.erb within layouts/application
  Rendered pages/about.html.erb within layouts/application (1.6ms)
Completed 200 OK in 27ms (Views: 24.0ms)


Started GET "/pages/contact" for 127.0.0.1 at 2018-02-18 19:49:23 -0800
Processing by PagesController#contact as HTML
  Rendering pages/contact.html.erb within layouts/application
  Rendered pages/contact.html.erb within layouts/application (0.4ms)
Completed 200 OK in 46ms (Views: 42.4ms)


Started GET "/pages/about" for 127.0.0.1 at 2018-02-18 19:49:30 -0800
Processing by PagesController#about as HTML
  Rendering pages/about.html.erb within layouts/application
  Rendered pages/about.html.erb within layouts/application (1.7ms)
Completed 200 OK in 48ms (Views: 45.5ms)


Started GET "/pages/contact" for 127.0.0.1 at 2018-02-18 19:49:32 -0800
Processing by PagesController#contact as HTML
  Rendering pages/contact.html.erb within layouts/application
  Rendered pages/contact.html.erb within layouts/application (0.7ms)
Completed 200 OK in 54ms (Views: 49.4ms)


Started GET "/pages/contact" for 127.0.0.1 at 2018-02-18 19:57:28 -0800
Processing by PagesController#contact as HTML
  Rendering pages/contact.html.erb within layouts/application
  Rendered pages/contact.html.erb within layouts/application (0.3ms)
Completed 200 OK in 19ms (Views: 16.3ms)


Started GET "/pages/contact" for 127.0.0.1 at 2018-02-18 19:57:42 -0800
Processing by PagesController#contact as HTML
  Rendering pages/contact.html.erb within layouts/application
  Rendered pages/contact.html.erb within layouts/application (0.3ms)
Completed 200 OK in 20ms (Views: 17.7ms)


Started GET "/pages/contact" for 127.0.0.1 at 2018-02-18 19:57:54 -0800
Processing by PagesController#contact as HTML
  Rendering pages/contact.html.erb within layouts/application
  Rendered pages/contact.html.erb within layouts/application (0.3ms)
Completed 200 OK in 20ms (Views: 18.4ms)


Started GET "/pages/contact" for 127.0.0.1 at 2018-02-18 19:57:55 -0800
Processing by PagesController#contact as HTML
  Rendering pages/contact.html.erb within layouts/application
  Rendered pages/contact.html.erb within layouts/application (0.3ms)
Completed 200 OK in 21ms (Views: 18.8ms)


Started GET "/pages/contact" for 127.0.0.1 at 2018-02-18 19:57:55 -0800
Processing by PagesController#contact as HTML
  Rendering pages/contact.html.erb within layouts/application
  Rendered pages/contact.html.erb within layouts/application (0.3ms)
Completed 200 OK in 24ms (Views: 21.9ms)


Started GET "/pages/contact" for 127.0.0.1 at 2018-02-18 19:57:55 -0800
Processing by PagesController#contact as HTML
  Rendering pages/contact.html.erb within layouts/application
  Rendered pages/contact.html.erb within layouts/application (0.5ms)
Completed 200 OK in 24ms (Views: 22.0ms)


Started GET "/pages/contact" for 127.0.0.1 at 2018-02-18 19:57:55 -0800
Processing by PagesController#contact as HTML
  Rendering pages/contact.html.erb within layouts/application
  Rendered pages/contact.html.erb within layouts/application (0.3ms)
Completed 200 OK in 20ms (Views: 17.4ms)


Started GET "/pages/contact" for 127.0.0.1 at 2018-02-18 19:59:50 -0800
Processing by PagesController#contact as HTML
  Rendering pages/contact.html.erb within layouts/application
  Rendered pages/contact.html.erb within layouts/application (0.4ms)
Completed 200 OK in 19ms (Views: 17.4ms)


Started GET "/pages/contact" for 127.0.0.1 at 2018-02-18 20:00:01 -0800
Processing by PagesController#contact as HTML
  Rendering pages/contact.html.erb within layouts/application
  Rendered pages/contact.html.erb within layouts/application (0.5ms)
Completed 200 OK in 21ms (Views: 18.6ms)


Started GET "/pages/contact" for 127.0.0.1 at 2018-02-18 20:00:06 -0800
Processing by PagesController#contact as HTML
  Rendering pages/contact.html.erb within layouts/application
  Rendered pages/contact.html.erb within layouts/application (0.4ms)
Completed 200 OK in 21ms (Views: 18.1ms)


Started GET "/pages/contact" for 127.0.0.1 at 2018-02-18 20:00:11 -0800
Processing by PagesController#contact as HTML
  Rendering pages/contact.html.erb within layouts/application
  Rendered pages/contact.html.erb within layouts/application (0.3ms)
Completed 200 OK in 23ms (Views: 19.1ms)


Started GET "/pages/contact" for 127.0.0.1 at 2018-02-18 20:00:18 -0800
Processing by PagesController#contact as HTML
  Rendering pages/contact.html.erb within layouts/application
  Rendered pages/contact.html.erb within layouts/application (0.3ms)
Completed 200 OK in 20ms (Views: 17.6ms)


Started GET "/pages/contact" for 127.0.0.1 at 2018-02-18 20:01:04 -0800
Processing by PagesController#contact as HTML
  Rendering pages/contact.html.erb within layouts/application
  Rendered pages/contact.html.erb within layouts/application (0.4ms)
Completed 200 OK in 20ms (Views: 17.9ms)


Started GET "/pages/contact" for 127.0.0.1 at 2018-02-18 20:01:16 -0800
Processing by PagesController#contact as HTML
  Rendering pages/contact.html.erb within layouts/application
  Rendered pages/contact.html.erb within layouts/application (0.4ms)
Completed 200 OK in 22ms (Views: 19.6ms)


Started GET "/pages/contact" for 127.0.0.1 at 2018-02-18 20:01:30 -0800
Processing by PagesController#contact as HTML
  Rendering pages/contact.html.erb within layouts/application
  Rendered pages/contact.html.erb within layouts/application (0.3ms)
Completed 200 OK in 25ms (Views: 22.5ms)


Started GET "/pages/contact" for 127.0.0.1 at 2018-02-18 20:01:46 -0800
Processing by PagesController#contact as HTML
  Rendering pages/contact.html.erb within layouts/application
  Rendered pages/contact.html.erb within layouts/application (0.3ms)
Completed 200 OK in 20ms (Views: 18.1ms)


Started GET "/pages/contact" for 127.0.0.1 at 2018-02-18 20:01:56 -0800
Processing by PagesController#contact as HTML
  Rendering pages/contact.html.erb within layouts/application
  Rendered pages/contact.html.erb within layouts/application (0.4ms)
Completed 200 OK in 20ms (Views: 16.9ms)


Started GET "/pages/contact" for 127.0.0.1 at 2018-02-18 20:02:05 -0800
Processing by PagesController#contact as HTML
  Rendering pages/contact.html.erb within layouts/application
  Rendered pages/contact.html.erb within layouts/application (0.4ms)
Completed 200 OK in 18ms (Views: 15.8ms)


Started GET "/pages/contact" for 127.0.0.1 at 2018-02-18 20:02:06 -0800
Processing by PagesController#contact as HTML
  Rendering pages/contact.html.erb within layouts/application
  Rendered pages/contact.html.erb within layouts/application (0.3ms)
Completed 200 OK in 20ms (Views: 16.8ms)


Started GET "/pages/contact" for 127.0.0.1 at 2018-02-18 20:02:11 -0800
Processing by PagesController#contact as HTML
  Rendering pages/contact.html.erb within layouts/application
  Rendered pages/contact.html.erb within layouts/application (0.4ms)
Completed 200 OK in 24ms (Views: 20.7ms)


Started GET "/pages/contact" for 127.0.0.1 at 2018-02-18 20:02:17 -0800
Processing by PagesController#contact as HTML
  Rendering pages/contact.html.erb within layouts/application
  Rendered pages/contact.html.erb within layouts/application (0.4ms)
Completed 200 OK in 20ms (Views: 17.4ms)


Started GET "/pages/contact" for 127.0.0.1 at 2018-02-18 20:02:21 -0800
Processing by PagesController#contact as HTML
  Rendering pages/contact.html.erb within layouts/application
  Rendered pages/contact.html.erb within layouts/application (0.3ms)
Completed 200 OK in 20ms (Views: 17.9ms)


Started GET "/pages/contact" for 127.0.0.1 at 2018-02-18 20:02:26 -0800
Processing by PagesController#contact as HTML
  Rendering pages/contact.html.erb within layouts/application
  Rendered pages/contact.html.erb within layouts/application (0.3ms)
Completed 200 OK in 20ms (Views: 17.0ms)


Started GET "/pages/contact" for 127.0.0.1 at 2018-02-18 20:02:59 -0800
Processing by PagesController#contact as HTML
  Rendering pages/contact.html.erb within layouts/application
  Rendered pages/contact.html.erb within layouts/application (0.3ms)
Completed 200 OK in 24ms (Views: 22.1ms)


Started GET "/pages/about" for 127.0.0.1 at 2018-02-18 20:03:05 -0800
Processing by PagesController#about as HTML
  Rendering pages/about.html.erb within layouts/application
  Rendered pages/about.html.erb within layouts/application (2.7ms)
Completed 200 OK in 35ms (Views: 31.4ms)


Started GET "/pages/contact" for 127.0.0.1 at 2018-02-18 20:03:07 -0800
Processing by PagesController#contact as HTML
  Rendering pages/contact.html.erb within layouts/application
  Rendered pages/contact.html.erb within layouts/application (0.5ms)
Completed 200 OK in 41ms (Views: 37.9ms)


Started GET "/pages/contact" for 127.0.0.1 at 2018-02-18 20:04:14 -0800
Processing by PagesController#contact as HTML
  Rendering pages/contact.html.erb within layouts/application
  Rendered pages/contact.html.erb within layouts/application (0.3ms)
Completed 200 OK in 32ms (Views: 29.1ms)


Started GET "/pages/about" for 127.0.0.1 at 2018-02-18 20:04:15 -0800
Processing by PagesController#about as HTML
  Rendering pages/about.html.erb within layouts/application
  Rendered pages/about.html.erb within layouts/application (3.4ms)
Completed 200 OK in 72ms (Views: 69.6ms)


Started GET "/pages/contact" for 127.0.0.1 at 2018-02-18 20:04:16 -0800
Processing by PagesController#contact as HTML
  Rendering pages/contact.html.erb within layouts/application
  Rendered pages/contact.html.erb within layouts/application (0.5ms)
Completed 200 OK in 50ms (Views: 46.2ms)


Started GET "/pages/contact" for 127.0.0.1 at 2018-02-19 17:50:43 -0800
Processing by PagesController#contact as HTML
  Rendering pages/contact.html.erb within layouts/application
  Rendered pages/contact.html.erb within layouts/application (2.1ms)
Completed 200 OK in 446ms (Views: 244.2ms)


Started GET "/pages/about" for 127.0.0.1 at 2018-02-19 17:50:47 -0800
Processing by PagesController#about as HTML
  Rendering pages/about.html.erb within layouts/application
  Rendered pages/about.html.erb within layouts/application (2.0ms)
Completed 200 OK in 31ms (Views: 26.2ms)


Started GET "/pages/about" for 127.0.0.1 at 2018-02-19 17:51:06 -0800
Processing by PagesController#about as HTML
  Rendering pages/about.html.erb within layouts/application
  Rendered pages/about.html.erb within layouts/application (1.3ms)
Completed 200 OK in 20ms (Views: 17.5ms)


Started GET "/pages/about" for 127.0.0.1 at 2018-03-10 19:37:57 -0800
Processing by PagesController#about as HTML
  Rendering pages/about.html.erb within layouts/application
  Rendered pages/about.html.erb within layouts/application (169.6ms)
Completed 200 OK in 400ms (Views: 204.9ms)


Started GET "/pages/contact" for 127.0.0.1 at 2018-03-10 19:38:04 -0800
Processing by PagesController#contact as HTML
  Rendering pages/contact.html.erb within layouts/application
  Rendered pages/contact.html.erb within layouts/application (0.3ms)
Completed 200 OK in 34ms (Views: 28.0ms)


Started GET "/pages/about" for 127.0.0.1 at 2018-03-10 19:38:10 -0800
Processing by PagesController#about as HTML
  Rendering pages/about.html.erb within layouts/application
  Rendered pages/about.html.erb within layouts/application (3.6ms)
Completed 200 OK in 46ms (Views: 43.3ms)


Started GET "/pages/contact" for 127.0.0.1 at 2018-03-10 19:38:13 -0800
Processing by PagesController#contact as HTML
  Rendering pages/contact.html.erb within layouts/application
  Rendered pages/contact.html.erb within layouts/application (0.4ms)
Completed 200 OK in 52ms (Views: 48.5ms)


Started GET "/pages/about" for 127.0.0.1 at 2018-03-10 19:38:15 -0800
Processing by PagesController#about as HTML
  Rendering pages/about.html.erb within layouts/application
  Rendered pages/about.html.erb within layouts/application (2.2ms)
Completed 200 OK in 50ms (Views: 46.5ms)


